[2018-10-12 11:56:59,981] multiqc                                            [DEBUG  ]  No MultiQC config found: /mnt/testscratch/lanno001/poreTally_ecoliLoman_20181012/envs/.snakemake/conda/900ddb90/lib/python3.5/site-packages/multiqc_config.yaml
[2018-10-12 11:56:59,981] multiqc                                            [DEBUG  ]  No MultiQC config found: /home/lanno001/.multiqc_config.yaml
[2018-10-12 11:56:59,981] multiqc                                            [DEBUG  ]  No MultiQC config found: multiqc_config.yaml
[2018-10-12 11:56:59,982] multiqc                                            [DEBUG  ]  Command used: /mnt/testscratch/lanno001/poreTally_ecoliLoman_20181012/envs/.snakemake/conda/900ddb90/bin/multiqc -i Assembler Benchmark report --filename REPORT -o . -f -p --tag assembler_benchmark --template assembler_benchmark /mnt/testscratch/lanno001/poreTally_ecoliLoman_20181012/analysis/summary/ --data-format yaml
[2018-10-12 11:57:00,199] multiqc                                            [WARNING]  MultiQC Version v1.6 now available!
[2018-10-12 11:57:00,199] multiqc                                            [INFO   ]  This is MultiQC v1.5.dev0
[2018-10-12 11:57:00,199] multiqc                                            [DEBUG  ]  Command     : /mnt/testscratch/lanno001/poreTally_ecoliLoman_20181012/envs/.snakemake/conda/900ddb90/bin/multiqc -i Assembler Benchmark report --filename REPORT -o . -f -p --tag assembler_benchmark --template assembler_benchmark /mnt/testscratch/lanno001/poreTally_ecoliLoman_20181012/analysis/summary/ --data-format yaml
[2018-10-12 11:57:00,199] multiqc                                            [DEBUG  ]  Working dir : /mnt/testscratch/lanno001/poreTally_ecoliLoman_20181012/analysis/summary
[2018-10-12 11:57:00,199] multiqc                                            [INFO   ]  Template    : assembler_benchmark
[2018-10-12 11:57:00,199] multiqc                                            [INFO   ]  Report title: Assembler Benchmark report
[2018-10-12 11:57:00,200] multiqc                                            [INFO   ]  Searching '/mnt/testscratch/lanno001/poreTally_ecoliLoman_20181012/analysis/summary/'
[2018-10-12 11:57:00,200] multiqc                                            [INFO   ]  Only using modules with 'assembler_benchmark' tag
[2018-10-12 11:57:00,200] multiqc                                            [DEBUG  ]  Analysing modules: ab_methods_section, ab_read_quality, quast, jellyfish, mummerplot, ab_cpu_times, nucmer
[2018-10-12 11:57:00,200] multiqc                                            [DEBUG  ]  Using temporary directory for creating report: /tmp/tmpn50rurr2
[2018-10-12 11:57:00,387] multiqc                                            [DEBUG  ]  Ignored search patterns as didn't match running modules: bamtools/stats, rseqc/inner_distance, bismark/dedup, rna_seqc/metrics, hisat2, gatk/varianteval, afterqc, interop/index-summary, slamdunk/summary, prokka, bcl2fastq, fastqc/theoretical_gc, kallisto, picard/insertsize, preseq, bbmap/indelhist, star/genecounts, slamdunk/PCA, supernova/molecules, homer/RestrictionDistribution, qualimap/bamqc/gc_dist, rseqc/infer_experiment, peddy/sex_check, peddy/het_check, macs2, picard/pcr_metrics, qualimap/rnaseq/coverage, homer/genomeGCcontent, sargasso, picard/rrbs_metrics, fastqc/zip, biobloomtools, clusterflow/logs, bbmap/qahist, conpair/concordance, qorts, picard/basedistributionbycycle, slamdunk/tcperutrpos, bbmap/gchist, adapterRemoval, fastqc/data, verifybamid/selfsm, bbmap/bincov, homer/findpeaks, methylQA, qualimap/bamqc/genome_fraction, rseqc/read_gc, bbmap/statsfile_machine, picard/oxogmetrics, rseqc/junction_annotation, picard/wgs_metrics, bismark/bam2nuc, bbmap/covhist, cutadapt, samblaster, vcftools/tstv_by_count, hicexplorer, goleft_indexcov/roc, supernova/report, busco, clusterflow/runfiles, bbmap/aqhist, samtools/rmdup, snpeff, preseq/real_counts, homer/tagInfo, bbmap/mhist, rseqc/junction_saturation, bbmap/ehist, theta2, bowtie2, tophat, samtools/flagstat, htseq, samtools/idxstats, leehom, picard/alignment_metrics, bbmap/bhist, sortmerna, bbmap/lhist, interop/summary, samtools/stats, slamdunk/rates, qualimap/rnaseq/rnaseq_results, picard/hsmetrics, picard/rnaseqmetrics, vcftools/relatedness2, conpair/contamination, homer/FreqDistribution, featurecounts, deeptools/estimateReadFiltering, bbmap/qhist, bcftools/stats, goleft_indexcov/ped, rseqc/bam_stat, deeptools/bamPEFragmentSize, rna_seqc/coverage, hicup, bbmap/bqhist, gatk/base_recalibrator, bbmap/covstats, bbmap/rpkm, deeptools/plotFingerprintOutQualityMetrics, peddy/ped_check, bowtie1, deeptools/plotEnrichment, flexbar, homer/LengthDistribution, skewer, salmon/meta, bismark/meth_extract, salmon/fld, custom_content, deeptools/plotFingerprintOutRawCounts, star, fastq_screen, rseqc/gene_body_coverage, deeptools/plotCoverageStdout, vcftools/tstv_summary, qualimap/bamqc/coverage, rsem, bbmap/statsfile, bismark/align, trimmomatic, bismark/m_bias, rseqc/read_distribution, homer/GCcontent, vcftools/tstv_by_qual, disambiguate, peddy/summary_table, supernova/kmers, bbmap/ihist, slamdunk/tcperreadpos, deeptools/plotCoverageOutRawCounts, qualimap/bamqc/genome_results, rna_seqc/correlation, qualimap/bamqc/insert_size, slamdunk/utrrates, picard/gcbias, rseqc/read_duplication_pos, bbmap/idhist, picard/markdups, supernova/summary
[2018-10-12 11:57:01,226] multiqc.modules.ab_read_quality.ab_read_quality    [INFO   ]  found nanostats file
[2018-10-12 11:57:02,116] multiqc.modules.quast.quast                        [INFO   ]  Found 3 reports
[2018-10-12 11:57:03,882] multiqc.modules.jellyfish.jellyfish                [INFO   ]  Found 0 histogram files
[2018-10-12 11:57:03,882] multiqc.modules.jellyfish.jellyfish                [INFO   ]  Found 4 count (dump) files
[2018-10-12 11:57:04,891] multiqc                                            [DEBUG  ]  No samples found: mummerplot
[2018-10-12 11:57:04,982] multiqc.modules.ab_cpu_times.ab_cpu_times          [INFO   ]  found CPU resource files
[2018-10-12 11:57:05,065] multiqc                                            [DEBUG  ]  No samples found: nucmer
[2018-10-12 11:57:05,074] multiqc                                            [INFO   ]  Compressing plot data
[2018-10-12 11:57:05,451] multiqc                                            [INFO   ]  Report      : multiqc_report/REPORT.html
[2018-10-12 11:57:05,452] multiqc                                            [INFO   ]  Data        : multiqc_report/REPORT_data
[2018-10-12 11:57:05,458] multiqc                                            [DEBUG  ]  Moving data file from '/tmp/tmpn50rurr2/multiqc_data/ab_methods.yaml' to './multiqc_report/REPORT_data'
[2018-10-12 11:57:05,476] multiqc                                            [DEBUG  ]  Moving data file from '/tmp/tmpn50rurr2/multiqc_data/multiqc_data.json' to './multiqc_report/REPORT_data'
[2018-10-12 11:57:05,518] multiqc                                            [DEBUG  ]  Moving data file from '/tmp/tmpn50rurr2/multiqc_data/multiqc_general_stats.yaml' to './multiqc_report/REPORT_data'
[2018-10-12 11:57:05,535] multiqc                                            [DEBUG  ]  Moving data file from '/tmp/tmpn50rurr2/multiqc_data/cpu_usage.yaml' to './multiqc_report/REPORT_data'
[2018-10-12 11:57:05,554] multiqc                                            [DEBUG  ]  Moving data file from '/tmp/tmpn50rurr2/multiqc_data/mqc_quast_num_contigs_1.yaml' to './multiqc_report/REPORT_data'
[2018-10-12 11:57:05,571] multiqc                                            [DEBUG  ]  Moving data file from '/tmp/tmpn50rurr2/multiqc_data/multiqc_readqual_summary.yaml' to './multiqc_report/REPORT_data'
[2018-10-12 11:57:05,588] multiqc                                            [DEBUG  ]  Moving data file from '/tmp/tmpn50rurr2/multiqc_data/multiqc_sources.yaml' to './multiqc_report/REPORT_data'
[2018-10-12 11:57:05,606] multiqc                                            [DEBUG  ]  Moving data file from '/tmp/tmpn50rurr2/multiqc_data/multiqc_quast.yaml' to './multiqc_report/REPORT_data'
[2018-10-12 11:57:05,625] multiqc                                            [INFO   ]  Plots       : multiqc_report/multiqc_plots
[2018-10-12 11:57:05,625] multiqc                                            [DEBUG  ]  Moving plots directory from '/tmp/tmpn50rurr2/multiqc_plots/svg' to './multiqc_report/multiqc_plots'
[2018-10-12 11:57:05,669] multiqc                                            [DEBUG  ]  Moving plots directory from '/tmp/tmpn50rurr2/multiqc_plots/pdf' to './multiqc_report/multiqc_plots'
[2018-10-12 11:57:05,713] multiqc                                            [DEBUG  ]  Moving plots directory from '/tmp/tmpn50rurr2/multiqc_plots/png' to './multiqc_report/multiqc_plots'
[2018-10-12 11:57:07,404] multiqc                                            [INFO   ]  MultiQC complete
